This is pdfTeX, Version 3.141592653-2.6-1.40.25 (TeX Live 2023/Arch Linux) (preloaded format=pdflatex 2023.8.26)  12 OCT 2023 20:03
entering extended mode
 restricted \write18 enabled.
 file:line:error style messages enabled.
 %&-line parsing enabled.
**nhm_ktw.tex
(./nhm_ktw.tex
LaTeX2e <2022-11-01> patch level 1
L3 programming layer <2023-02-22> (./kcc.cls
Document Class: kcc 2010/12/01 v1 thesis class for SNU CSE
(/usr/share/texmf-dist/tex/latex/base/article.cls
Document Class: article 2022/07/02 v1.4n Standard LaTeX document class
(/usr/share/texmf-dist/tex/latex/base/size10.clo
File: size10.clo 2022/07/02 v1.4n Standard LaTeX file (size option)
)
\c@part=\count185
\c@section=\count186
\c@subsection=\count187
\c@subsubsection=\count188
\c@paragraph=\count189
\c@subparagraph=\count190
\c@figure=\count191
\c@table=\count192
\abovecaptionskip=\skip48
\belowcaptionskip=\skip49
\bibindent=\dimen140
) (/usr/share/texmf-dist/tex/latex/geometry/geometry.sty
Package: geometry 2020/01/02 v5.9 Page Geometry
 (/usr/share/texmf-dist/tex/latex/graphics/keyval.sty
Package: keyval 2022/05/29 v1.15 key=value parser (DPC)
\KV@toks@=\toks16
) (/usr/share/texmf-dist/tex/generic/iftex/ifvtex.sty
Package: ifvtex 2019/10/25 v1.7 ifvtex legacy package. Use iftex instead.
 (/usr/share/texmf-dist/tex/generic/iftex/iftex.sty
Package: iftex 2022/02/03 v1.0f TeX engine tests
))
\Gm@cnth=\count193
\Gm@cntv=\count194
\c@Gm@tempcnt=\count195
\Gm@bindingoffset=\dimen141
\Gm@wd@mp=\dimen142
\Gm@odd@mp=\dimen143
\Gm@even@mp=\dimen144
\Gm@layoutwidth=\dimen145
\Gm@layoutheight=\dimen146
\Gm@layouthoffset=\dimen147
\Gm@layoutvoffset=\dimen148
\Gm@dimlist=\toks17
) (/usr/share/texmf-dist/tex/latex/psnfss/times.sty
Package: times 2020/03/25 PSNFSS-v9.3 (SPQR) 
) (/usr/share/texmf-dist/tex/latex/kotex-utf/contrib/dhucs-cmap.sty
Package: dhucs-cmap 2021/03/01 searchable PDF for dhucs upon pdftex
) (/usr/share/texmf-dist/tex/latex/cjk-ko/kotex.sty
Package: kotex 2015/04/19 v1.6 Korean TeX (ko.TeX)
 (/usr/share/texmf-dist/tex/latex/kotex-utf/kotex.cfg) (/usr/share/texmf-dist/tex/latex/kotex-utf/kotexutf.sty
Package: kotexutf 2022/06/22 v3.0.0 typesetting UTF-8 Korean documents
 (/usr/share/texmf-dist/tex/latex/base/inputenc.sty
Package: inputenc 2021/02/14 v1.3d Input encoding file
\inpenc@prehook=\toks18
\inpenc@posthook=\toks19
) (/usr/share/texmf-dist/tex/plain/kotex-plain/kotexutf-core.tex
\unih@ngulpoint=\count196
\dhucs@emph@raise=\dimen149
)
Now handling font encoding LUC ...
... processing UTF-8 mapping file for font encoding LUC
 (/usr/share/texmf-dist/tex/latex/kotex-utf/lucenc.dfu
File: lucenc.dfu 2007/09/05 UTF-8 support for dhucs
   defining Unicode char U+00B7 (decimal 183)
   defining Unicode char U+2018 (decimal 8216)
   defining Unicode char U+2019 (decimal 8217)
   defining Unicode char U+201C (decimal 8220)
   defining Unicode char U+201D (decimal 8221)
   defining Unicode char U+3001 (decimal 12289)
   defining Unicode char U+3002 (decimal 12290)
   defining Unicode char U+3008 (decimal 12296)
   defining Unicode char U+3009 (decimal 12297)
   defining Unicode char U+300A (decimal 12298)
   defining Unicode char U+300B (decimal 12299)
   defining Unicode char U+300C (decimal 12300)
   defining Unicode char U+300D (decimal 12301)
   defining Unicode char U+300E (decimal 12302)
   defining Unicode char U+300F (decimal 12303)
   defining Unicode char U+3010 (decimal 12304)
   defining Unicode char U+3011 (decimal 12305)
   defining Unicode char U+3014 (decimal 12308)
   defining Unicode char U+3015 (decimal 12309)
   defining Unicode char U+3016 (decimal 12310)
   defining Unicode char U+3017 (decimal 12311)
   defining Unicode char U+3018 (decimal 12312)
   defining Unicode char U+3019 (decimal 12313)
   defining Unicode char U+301A (decimal 12314)
   defining Unicode char U+301B (decimal 12315)
   defining Unicode char U+FF01 (decimal 65281)
   defining Unicode char U+FF08 (decimal 65288)
   defining Unicode char U+FF09 (decimal 65289)
   defining Unicode char U+FF0C (decimal 65292)
   defining Unicode char U+FF0E (decimal 65294)
   defining Unicode char U+FF1A (decimal 65306)
   defining Unicode char U+FF1B (decimal 65307)
   defining Unicode char U+FF1C (decimal 65308)
   defining Unicode char U+FF1D (decimal 65309)
   defining Unicode char U+FF1E (decimal 65310)
   defining Unicode char U+FF1F (decimal 65311)
   defining Unicode char U+FF3B (decimal 65339)
   defining Unicode char U+FF3D (decimal 65341)
   defining Unicode char U+FF5B (decimal 65371)
   defining Unicode char U+FF5D (decimal 65373)
   defining Unicode char U+FF61 (decimal 65377)
   defining Unicode char U+FF62 (decimal 65378)
   defining Unicode char U+FF63 (decimal 65379)
   defining Unicode char U+FF64 (decimal 65380)
   defining Unicode char U+FF65 (decimal 65381)
)
\@josa=\count197
\josatoks=\toks20
 (/usr/share/texmf-dist/tex/latex/cjk-ko/kolabels-utf.sty
Package: kolabels-utf 2015/03/20 v1.5 UTF-8 Hangul item labels
) (/usr/share/texmf-dist/tex/latex/kotex-utf/kosections-utf.sty
File: kosections-utf 2022/06/20 hangul option to kotex/utf
   defining Unicode char U+00BC (decimal 188)
   defining Unicode char U+00BD (decimal 189)
   defining Unicode char U+00BE (decimal 190)
   defining Unicode char U+02D0 (decimal 720)
   defining Unicode char U+2025 (decimal 8229)
   defining Unicode char U+2015 (decimal 8213)
   defining Unicode char U+2312 (decimal 8978)
   defining Unicode char U+203B (decimal 8251)
 (/usr/share/texmf-dist/tex/latex/cjk-ko/konames-utf.sty
Package: konames-utf 2015/07/06 v1.7 UTF-8 Hangul captions
)
\raisedotdim=\dimen150
\dhucs@emph@width=\dimen151
\useremphraisedim=\dimen152
))) (/usr/share/texmf-dist/tex/latex/kotex-utf/contrib/dhucs-setspace.sty
Package: dhucs-setspace 2007/09/21 0.11 Line Spacing control of ko.TeX
 (/usr/share/texmf-dist/tex/latex/setspace/setspace.sty
Package: setspace 2022/12/04 v6.7b set line spacing
)) (/usr/share/texmf-dist/tex/latex/tools/indentfirst.sty
Package: indentfirst 1995/11/23 v1.03 Indent first paragraph (DPC)
) (/usr/share/texmf-dist/tex/latex/kotex-utf/contrib/dhucsfn.sty
Package: dhucsfn 2005/04/20 Korean footnote style

Korean footnote style `dhucsfn' (a variant of `hangulfn') <2005/04/20>.
\foot@parindent=\dimen153
\footnumbersep=\dimen154
) (/usr/share/texmf-dist/tex/latex/kotex-utf/contrib/dhucs-sectsty.sty
Package: dhucs-sectsty 2006/04/20
 (/usr/share/texmf-dist/tex/latex/sectsty/sectsty.sty
Package: sectsty 2002/02/25 v2.0.2 Commands to change all sectional heading styles


LaTeX Warning: Command \underbar  has changed.
               Check if current package is valid.


LaTeX Warning: Command \underline  has changed.
               Check if current package is valid.

)
\KSTHE@skip=\skip50
)) (/usr/share/texmf-dist/tex/latex/graphics/graphicx.sty
Package: graphicx 2021/09/16 v1.2d Enhanced LaTeX Graphics (DPC,SPQR)
 (/usr/share/texmf-dist/tex/latex/graphics/graphics.sty
Package: graphics 2022/03/10 v1.4e Standard LaTeX Graphics (DPC,SPQR)
 (/usr/share/texmf-dist/tex/latex/graphics/trig.sty
Package: trig 2021/08/11 v1.11 sin cos tan (DPC)
) (/usr/share/texmf-dist/tex/latex/graphics-cfg/graphics.cfg
File: graphics.cfg 2016/06/04 v1.11 sample graphics configuration
)
Package graphics Info: Driver file: pdftex.def on input line 107.
 (/usr/share/texmf-dist/tex/latex/graphics-def/pdftex.def
File: pdftex.def 2022/09/22 v1.2b Graphics/color driver for pdftex
))
\Gin@req@height=\dimen155
\Gin@req@width=\dimen156
) (/usr/share/texmf-dist/tex/latex/float/float.sty
Package: float 2001/11/08 v1.3d Float enhancements (AL)
\c@float@type=\count198
\float@exts=\toks21
\float@box=\box51
\@float@everytoks=\toks22
\@floatcapt=\box52
) (/usr/share/texmf-dist/tex/latex/subfloat/subfloat.sty
Package: subfloat 2003/08/21 version 2.14
 Package `subfloat', Version 2.14 of 2003/08/21.

Package subfloat Warning: Numbers of floats not counted:
(subfloat)                If you use one of the counters subfloatfiguremax or
(subfloat)                subfloattablemax you will get strange error messages
(subfloat)                containing \c@subfloatfiguremax or
(subfloat)                \c@subfloattablemax:
(subfloat)                Please switch on countmax or remove the code using
(subfloat)                the counter then..

) (/usr/share/texmf-dist/tex/latex/subfigure/subfigure.sty
Package: subfigure 2002/03/15 v2.1.5 subfigure package
\subfigtopskip=\skip51
\subfigcapskip=\skip52
\subfigcaptopadj=\dimen157
\subfigbottomskip=\skip53
\subfigcapmargin=\dimen158
\subfiglabelskip=\skip54
\c@subfigure=\count199
\c@lofdepth=\count266
\c@subtable=\count267
\c@lotdepth=\count268

****************************************
* Local config file subfigure.cfg used *
****************************************
(/usr/share/texmf-dist/tex/latex/subfigure/subfigure.cfg)
\subfig@top=\skip55
\subfig@bottom=\skip56
) (/usr/share/texmf-dist/tex/latex/graphics/lscape.sty
Package: lscape 2020/05/28 v3.02 Landscape Pages (DPC)
) (/usr/share/texmf-dist/tex/latex/enumitem/enumitem.sty
Package: enumitem 2019/06/20 v3.9 Customized lists
\labelindent=\skip57
\enit@outerparindent=\dimen159
\enit@toks=\toks23
\enit@inbox=\box53
\enit@count@id=\count269
\enitdp@description=\count270
) (/usr/share/texmf-dist/tex/latex/gensymb/gensymb.sty
Package: gensymb 2022/10/17 v1.0.2 (KJH)
) (/usr/share/texmf-dist/tex/latex/amsmath/amsmath.sty
Package: amsmath 2022/04/08 v2.17n AMS math features
\@mathmargin=\skip58

For additional information on amsmath, use the `?' option.
(/usr/share/texmf-dist/tex/latex/amsmath/amstext.sty
Package: amstext 2021/08/26 v2.01 AMS text
 (/usr/share/texmf-dist/tex/latex/amsmath/amsgen.sty
File: amsgen.sty 1999/11/30 v2.0 generic functions
\@emptytoks=\toks24
\ex@=\dimen160
)) (/usr/share/texmf-dist/tex/latex/amsmath/amsbsy.sty
Package: amsbsy 1999/11/29 v1.2d Bold Symbols
\pmbraise@=\dimen161
) (/usr/share/texmf-dist/tex/latex/amsmath/amsopn.sty
Package: amsopn 2022/04/08 v2.04 operator names
)
\inf@bad=\count271
LaTeX Info: Redefining \frac on input line 234.
\uproot@=\count272
\leftroot@=\count273
LaTeX Info: Redefining \overline on input line 399.
LaTeX Info: Redefining \colon on input line 410.
\classnum@=\count274
\DOTSCASE@=\count275
LaTeX Info: Redefining \ldots on input line 496.
LaTeX Info: Redefining \dots on input line 499.
LaTeX Info: Redefining \cdots on input line 620.
\Mathstrutbox@=\box54
\strutbox@=\box55
LaTeX Info: Redefining \big on input line 722.
LaTeX Info: Redefining \Big on input line 723.
LaTeX Info: Redefining \bigg on input line 724.
LaTeX Info: Redefining \Bigg on input line 725.
\big@size=\dimen162
LaTeX Font Info:    Redeclaring font encoding OML on input line 743.
LaTeX Font Info:    Redeclaring font encoding OMS on input line 744.
\macc@depth=\count276
LaTeX Info: Redefining \bmod on input line 905.
LaTeX Info: Redefining \pmod on input line 910.
LaTeX Info: Redefining \smash on input line 940.
LaTeX Info: Redefining \relbar on input line 970.
LaTeX Info: Redefining \Relbar on input line 971.
\c@MaxMatrixCols=\count277
\dotsspace@=\muskip16
\c@parentequation=\count278
\dspbrk@lvl=\count279
\tag@help=\toks25
\row@=\count280
\column@=\count281
\maxfields@=\count282
\andhelp@=\toks26
\eqnshift@=\dimen163
\alignsep@=\dimen164
\tagshift@=\dimen165
\tagwidth@=\dimen166
\totwidth@=\dimen167
\lineht@=\dimen168
\@envbody=\toks27
\multlinegap=\skip59
\multlinetaggap=\skip60
\mathdisplay@stack=\toks28
LaTeX Info: Redefining \[ on input line 2953.
LaTeX Info: Redefining \] on input line 2954.
) (/usr/share/texmf-dist/tex/latex/amsfonts/amssymb.sty
Package: amssymb 2013/01/14 v3.01 AMS font symbols
 (/usr/share/texmf-dist/tex/latex/amsfonts/amsfonts.sty
Package: amsfonts 2013/01/14 v3.01 Basic AMSFonts support
\symAMSa=\mathgroup4
\symAMSb=\mathgroup5
LaTeX Font Info:    Redeclaring math symbol \hbar on input line 98.
LaTeX Font Info:    Overwriting math alphabet `\mathfrak' in version `bold'
(Font)                  U/euf/m/n --> U/euf/b/n on input line 106.
)) (/usr/share/texmf-dist/tex/latex/amscls/amsthm.sty
Package: amsthm 2020/05/29 v2.20.6
\thm@style=\toks29
\thm@bodyfont=\toks30
\thm@headfont=\toks31
\thm@notefont=\toks32
\thm@headpunct=\toks33
\thm@preskip=\skip61
\thm@postskip=\skip62
\thm@headsep=\skip63
\dth@everypar=\toks34
) (/usr/share/texmf-dist/tex/latex/base/exscale.sty
Package: exscale 2018/09/24 v2.1i Standard LaTeX package exscale
LaTeX Font Info:    Redeclaring symbol font `largesymbols' on input line 57.
LaTeX Font Info:    Overwriting symbol font `largesymbols' in version `normal'
(Font)                  OMX/cmex/m/n --> OMX/cmex/m/n on input line 57.
LaTeX Font Info:    Overwriting symbol font `largesymbols' in version `bold'
(Font)                  OMX/cmex/m/n --> OMX/cmex/m/n on input line 57.
\big@size=\dimen169
) (/usr/share/texmf-dist/tex/latex/base/textcomp.sty
Package: textcomp 2020/02/02 v2.0n Standard LaTeX package
) (/usr/share/texmf-dist/tex/latex/algorithms/algorithmic.sty
Package: algorithmic 2009/08/24 v0.1 Document Style `algorithmic'
 (/usr/share/texmf-dist/tex/latex/base/ifthen.sty
Package: ifthen 2022/04/13 v1.1d Standard LaTeX ifthen package (DPC)
)
\c@ALC@unique=\count283
\c@ALC@line=\count284
\c@ALC@rem=\count285
\c@ALC@depth=\count286
\ALC@tlm=\skip64
\algorithmicindent=\skip65
) (/usr/share/texmf-dist/tex/latex/algorithms/algorithm.sty
Package: algorithm 2009/08/24 v0.1 Document Style `algorithm' - floating environment
\@float@every@algorithm=\toks35
\c@algorithm=\count287
) (/usr/share/texmf-dist/tex/latex/tools/array.sty
Package: array 2022/09/04 v2.5g Tabular extension package (FMi)
\col@sep=\dimen170
\ar@mcellbox=\box56
\extrarowheight=\dimen171
\NC@list=\toks36
\extratabsurround=\skip66
\backup@length=\skip67
\ar@cellbox=\box57
) (/usr/share/texmf-dist/tex/latex/tabulary/tabulary.sty
Package: tabulary 2014/06/11 v0.10 tabulary package (DPC)
\TY@count=\count288
\TY@linewidth=\dimen172
\tymin=\dimen173
\tymax=\dimen174
\TY@tablewidth=\dimen175
) (/usr/share/texmf-dist/tex/latex/multirow/multirow.sty
Package: multirow 2021/03/15 v2.8 Span multiple rows of a table
\multirow@colwidth=\skip68
\multirow@cntb=\count289
\multirow@dima=\skip69
\bigstrutjot=\dimen176
) (/usr/share/texmf-dist/tex/latex/xcolor/xcolor.sty
Package: xcolor 2022/06/12 v2.14 LaTeX color extensions (UK)
 (/usr/share/texmf-dist/tex/latex/graphics-cfg/color.cfg
File: color.cfg 2016/01/02 v1.6 sample color configuration
)
Package xcolor Info: Driver file: pdftex.def on input line 227.
 (/usr/share/texmf-dist/tex/latex/colortbl/colortbl.sty
Package: colortbl 2022/06/20 v1.0f Color table columns (DPC)
\everycr=\toks37
\minrowclearance=\skip70
\rownum=\count290
) (/usr/share/texmf-dist/tex/latex/graphics/mathcolor.ltx)
Package xcolor Info: Model `cmy' substituted by `cmy0' on input line 1353.
Package xcolor Info: Model `hsb' substituted by `rgb' on input line 1357.
Package xcolor Info: Model `RGB' extended on input line 1369.
Package xcolor Info: Model `HTML' substituted by `rgb' on input line 1371.
Package xcolor Info: Model `Hsb' substituted by `hsb' on input line 1372.
Package xcolor Info: Model `tHsb' substituted by `hsb' on input line 1373.
Package xcolor Info: Model `HSB' substituted by `hsb' on input line 1374.
Package xcolor Info: Model `Gray' substituted by `gray' on input line 1375.
Package xcolor Info: Model `wave' substituted by `hsb' on input line 1376.
) (/usr/share/texmf-dist/tex/latex/ctable/ctable.sty
Package: ctable 2015/10/17 v1.31 ctable package for flexible typesetting of table and figure floats using key/value directives
 (/usr/share/texmf-dist/tex/generic/iftex/ifpdf.sty
Package: ifpdf 2019/10/25 v3.4 ifpdf legacy package. Use iftex instead.
) (/usr/share/texmf-dist/tex/latex/etoolbox/etoolbox.sty
Package: etoolbox 2020/10/05 v2.5k e-TeX tools for LaTeX (JAW)
\etb@tempcnta=\count291
) (/usr/share/texmf-dist/tex/latex/xkeyval/xkeyval.sty
Package: xkeyval 2022/06/16 v2.9 package option processing (HA)
 (/usr/share/texmf-dist/tex/generic/xkeyval/xkeyval.tex (/usr/share/texmf-dist/tex/generic/xkeyval/xkvutils.tex
\XKV@toks=\toks38
\XKV@tempa@toks=\toks39
)
\XKV@depth=\count292
File: xkeyval.tex 2014/12/03 v2.7a key=value parser (HA)
)) (/usr/share/texmf-dist/tex/latex/tools/tabularx.sty
Package: tabularx 2020/01/15 v2.11c `tabularx' package (DPC)
\TX@col@width=\dimen177
\TX@old@table=\dimen178
\TX@old@col=\dimen179
\TX@target=\dimen180
\TX@delta=\dimen181
\TX@cols=\count293
\TX@ftn=\toks40
) (/usr/share/texmf-dist/tex/latex/booktabs/booktabs.sty
Package: booktabs 2020/01/12 v1.61803398 Publication quality tables
\heavyrulewidth=\dimen182
\lightrulewidth=\dimen183
\cmidrulewidth=\dimen184
\belowrulesep=\dimen185
\belowbottomsep=\dimen186
\aboverulesep=\dimen187
\abovetopsep=\dimen188
\cmidrulesep=\dimen189
\cmidrulekern=\dimen190
\defaultaddspace=\dimen191
\@cmidla=\count294
\@cmidlb=\count295
\@aboverulesep=\dimen192
\@belowrulesep=\dimen193
\@thisruleclass=\count296
\@lastruleclass=\count297
\@thisrulewidth=\dimen194
) (/usr/share/texmf-dist/tex/latex/graphics/rotating.sty
Package: rotating 2016/08/11 v2.16d rotated objects in LaTeX
\c@r@tfl@t=\count298
\rotFPtop=\skip71
\rotFPbot=\skip72
\rot@float@box=\box58
\rot@mess@toks=\toks41
) (/usr/share/texmf-dist/tex/latex/transparent/transparent.sty
Package: transparent 2022-10-27 v1.5 Transparency with color stacks
 (/usr/share/texmf-dist/tex/latex/transparent/transparent-nometadata.sty
Package: transparent-nometadata 2022-10-27 v1.5 Transparency via pdfTeX's color stack (HO)
 (/usr/share/texmf-dist/tex/latex/auxhook/auxhook.sty
Package: auxhook 2019-12-17 v1.6 Hooks for auxiliary files (HO)
)))
\@CTframesep=\dimen195
\@dfltCTframesep=\dimen196
\@CTframerule=\dimen197
\@dfltCTframerule=\dimen198
\@CTwidth=\dimen199
\@dfltCTwidth=\dimen256
\@CTcaptionskip=\dimen257
\@dfltCTcaptionskip=\dimen258
\@CTmaxwidth=\dimen259
\@dfltCTmaxwidth=\dimen260
\@CTmincapwidth=\dimen261
\@dfltCTmincapwidth=\dimen262
\@CTfooterwidth=\dimen263
\@dfltCTfooterwidth=\dimen264
\@CTw=\dimen265
\@CTfloatwidth=\dimen266
\@CToldsep=\dimen267
\@CToldrule=\dimen268
\CT@t=\box59
\@CTcurftwidth=\dimen269
)
LaTeX Font Info:    Trying to load font information for OT1+ptm on input line 67.
 (/usr/share/texmf-dist/tex/latex/psnfss/ot1ptm.fd
File: ot1ptm.fd 2001/06/04 font definitions for OT1/ptm.
) (/usr/share/texmf-dist/tex/latex/l3backend/l3backend-pdftex.def
File: l3backend-pdftex.def 2023-01-16 L3 backend support: PDF output (pdfTeX)
\l__color_backend_stack_int=\count299
\l__pdf_internal_box=\box60
) (./nhm_ktw.aux)
\openout1 = `nhm_ktw.aux'.

LaTeX Font Info:    Checking defaults for OML/cmm/m/it on input line 67.
LaTeX Font Info:    ... okay on input line 67.
LaTeX Font Info:    Checking defaults for OMS/cmsy/m/n on input line 67.
LaTeX Font Info:    ... okay on input line 67.
LaTeX Font Info:    Checking defaults for OT1/cmr/m/n on input line 67.
LaTeX Font Info:    ... okay on input line 67.
LaTeX Font Info:    Checking defaults for T1/cmr/m/n on input line 67.
LaTeX Font Info:    ... okay on input line 67.
LaTeX Font Info:    Checking defaults for TS1/cmr/m/n on input line 67.
LaTeX Font Info:    ... okay on input line 67.
LaTeX Font Info:    Checking defaults for OMX/cmex/m/n on input line 67.
LaTeX Font Info:    ... okay on input line 67.
LaTeX Font Info:    Checking defaults for U/cmr/m/n on input line 67.
LaTeX Font Info:    ... okay on input line 67.
LaTeX Font Info:    Checking defaults for LUC/nanummj/m/n on input line 67.
LaTeX Font Info:    Trying to load font information for LUC+nanummj on input line 67.
 (/usr/share/texmf-dist/tex/latex/nanumtype1/lucnanummj.fd
File: lucnanummj.fd 2013/02/12 v0.1 Nanum Myeongjo font definitions
)
LaTeX Font Info:    ... okay on input line 67.

*geometry* driver: auto-detecting
*geometry* detected driver: pdftex
*geometry* verbose mode - [ preamble ] result:
* driver: pdftex
* paper: <default>
* layout: <same size as paper>
* layoutoffset:(h,v)=(0.0pt,0.0pt)
* modes: 
* h-part:(L,W,R)=(28.45274pt, 540.60239pt, 28.45274pt)
* v-part:(T,H,B)=(85.35826pt, 702.78308pt, 56.9055pt)
* \paperwidth=597.50787pt
* \paperheight=845.04684pt
* \textwidth=540.60239pt
* \textheight=702.78308pt
* \oddsidemargin=-43.81725pt
* \evensidemargin=-43.81725pt
* \topmargin=-23.91173pt
* \headheight=12.0pt
* \headsep=25.0pt
* \topskip=10.0pt
* \footskip=30.0pt
* \marginparwidth=4.0pt
* \marginparsep=10.0pt
* \columnsep=10.0pt
* \skip\footins=12.5pt plus 5.55573pt minus 2.7771pt
* \hoffset=0.0pt
* \voffset=0.0pt
* \mag=1000
* \@twocolumntrue
* \@twosidefalse
* \@mparswitchfalse
* \@reversemarginfalse
* (1in=72.27pt=25.4mm, 1cm=28.453pt)

(/usr/share/texmf-dist/tex/context/base/mkii/supp-pdf.mkii
[Loading MPS to PDF converter (version 2006.09.02).]
\scratchcounter=\count300
\scratchdimen=\dimen270
\scratchbox=\box61
\nofMPsegments=\count301
\nofMParguments=\count302
\everyMPshowfont=\toks42
\MPscratchCnt=\count303
\MPscratchDim=\dimen271
\MPnumerator=\count304
\makeMPintoPDFobject=\count305
\everyMPtoPDFconversion=\toks43
) (/usr/share/texmf-dist/tex/latex/epstopdf-pkg/epstopdf-base.sty
Package: epstopdf-base 2020-01-24 v2.11 Base part for package epstopdf
Package epstopdf-base Info: Redefining graphics rule for `.eps' on input line 485.
 (/usr/share/texmf-dist/tex/latex/latexconfig/epstopdf-sys.cfg
File: epstopdf-sys.cfg 2010/07/13 v1.3 Configuration of (r)epstopdf for TeX Live
))
\symgns@font=\mathgroup6
LaTeX Font Info:    Overwriting symbol font `gns@font' in version `bold'
(Font)                  TS1/ptm/m/n --> TS1/ptm/b/n on input line 67.
Package gensymb Info: Math companion symbols declared on input line 67.
LaTeX Info: Redefining \degree on input line 67.
LaTeX Info: Redefining \celsius on input line 67.
Package gensymb Info: Using text companion symbols for \degree, \celsius and \perthousand on input line 67.
LaTeX Info: Redefining \ohm on input line 67.
Package gensymb Info: Using \textohm for \ohm on input line 67.
Package gensymb Info: Using \textmu for \micro on input line 67.
LaTeX Font Info:    Font shape `LUC/nanummj/b/n' in size <16> not available
(Font)              Font shape `LUC/nanummj/bx/n' tried instead on input line 69.
LaTeX Font Info:    Font shape `LUC/nanummj/b/n' in size <10> not available
(Font)              Font shape `LUC/nanummj/bx/n' tried instead on input line 69.
LaTeX Font Info:    External font `cmex7' loaded for size
(Font)              <7> on input line 69.
LaTeX Font Info:    External font `cmex7' loaded for size
(Font)              <5> on input line 69.
LaTeX Font Info:    Trying to load font information for U+msa on input line 69.
 (/usr/share/texmf-dist/tex/latex/amsfonts/umsa.fd
File: umsa.fd 2013/01/14 v3.01 AMS symbols A
)
LaTeX Font Info:    Trying to load font information for U+msb on input line 69.
 (/usr/share/texmf-dist/tex/latex/amsfonts/umsb.fd
File: umsb.fd 2013/01/14 v3.01 AMS symbols B
)
LaTeX Font Info:    Trying to load font information for TS1+ptm on input line 69.
 (/usr/share/texmf-dist/tex/latex/psnfss/ts1ptm.fd
File: ts1ptm.fd 2001/06/04 font definitions for TS1/ptm.
)
LaTeX Font Info:    Trying to load font information for OMS+ptm on input line 69.
 (/usr/share/texmf-dist/tex/latex/psnfss/omsptm.fd
File: omsptm.fd 
)
LaTeX Font Info:    Font shape `OMS/ptm/b/n' in size <10> not available
(Font)              Font shape `OMS/cmsy/b/n' tried instead on input line 69.
LaTeX Font Info:    Font shape `LUC/nanummj/b/n' in size <12> not available
(Font)              Font shape `LUC/nanummj/bx/n' tried instead on input line 72.
LaTeX Font Info:    Trying to load font information for LUC+uhcmj on input line 95.
 (/usr/share/texmf-dist/tex/latex/kotex-utf/lucuhcmj.fd
File: lucuhcmj.fd 2013/09/26 UHC Myeongjo font definitions
)
LaTeX Font Info:    Font shape `OMS/ptm/m/n' in size <10> not available
(Font)              Font shape `OMS/cmsy/m/n' tried instead on input line 101.


LaTeX Warning: Citation `Lee:2008' on page 1 undefined on input line 116.


LaTeX Warning: Citation `Myung:2008' on page 1 undefined on input line 116.


LaTeX Warning: Citation `Lee:2010' on page 1 undefined on input line 116.

LaTeX Font Info:    External font `cmex7' loaded for size
(Font)              <6> on input line 133.
[1{/var/lib/texmf/fonts/map/pdftex/updmap/pdftex.map}{/usr/share/texmf-dist/fonts/enc/dvips/base/8r.enc}


]
LaTeX Font Info:    Trying to load font information for OT1+pcr on input line 145.
 (/usr/share/texmf-dist/tex/latex/psnfss/ot1pcr.fd
File: ot1pcr.fd 2001/06/04 font definitions for OT1/pcr.
)

LaTeX Warning: File `features.pdf' not found on input line 203.


./nhm_ktw.tex:203: Package pdftex.def Error: File `features.pdf' not found: using draft setting.

See the pdftex.def package documentation for explanation.
Type  H <return>  for immediate help.
 ...                                              
                                                  
l.203 ...aphics[width=0.4\textwidth]{features.pdf}
                                                  
Try typing  <return>  to proceed.
If that doesn't work, type  X <return>  to quit.

No file nhm_ktw.bbl.
[2] (./nhm_ktw.aux)

LaTeX Warning: There were undefined references.

 ) 
Here is how much of TeX's memory you used:
 7421 strings out of 477985
 118465 string characters out of 5840058
 1872388 words of memory out of 5000000
 27319 multiletter control sequences out of 15000+600000
 573123 words of font info for 205 fonts, out of 8000000 for 9000
 14 hyphenation exceptions out of 8191
 87i,12n,90p,253b,502s stack positions out of 10000i,1000n,20000p,200000b,200000s
</usr/share/texmf-dist/fonts/type1/public/amsfonts/cm/cmbsy10.pfb></usr/share/texmf-dist/fonts/type1/public/amsfonts/cm/cmex10.pfb></usr/share/texmf-dist/fonts/type1/public/amsfonts/cm/cmmi10.pfb></usr/share/texmf-dist/fonts/type1/public/amsfonts/cm/cmmi7.pfb></usr/share/texmf-dist/fonts/type1/public/amsfonts/cm/cmr10.pfb></usr/share/texmf-dist/fonts/type1/public/amsfonts/cm/cmr7.pfb></usr/share/texmf-dist/fonts/type1/public/amsfonts/cm/cmsy10.pfb></usr/share/texmf-dist/fonts/type1/public/amsfonts/cm/cmsy7.pfb></usr/share/texmf-dist/fonts/type1/public/amsfonts/latxfont/lcircle1.pfb></usr/share/texmf-dist/fonts/type1/public/nanumtype1/nanummjbac.pfb></usr/share/texmf-dist/fonts/type1/public/nanumtype1/nanummjbad.pfb></usr/share/texmf-dist/fonts/type1/public/nanumtype1/nanummjbae.pfb></usr/share/texmf-dist/fonts/type1/public/nanumtype1/nanummjbb1.pfb></usr/share/texmf-dist/fonts/type1/public/nanumtype1/nanummjbb3.pfb></usr/share/texmf-dist/fonts/type1/public/nanumtype1/nanummjbb8.pfb></usr/share/texmf-dist/fonts/type1/public/nanumtype1/nanummjbb9.pfb></usr/share/texmf-dist/fonts/type1/public/nanumtype1/nanummjbba.pfb></usr/share/texmf-dist/fonts/type1/public/nanumtype1/nanummjbbb.pfb></usr/share/texmf-dist/fonts/type1/public/nanumtype1/nanummjbbc.pfb></usr/share/texmf-dist/fonts/type1/public/nanumtype1/nanummjbc0.pfb></usr/share/texmf-dist/fonts/type1/public/nanumtype1/nanummjbc1.pfb></usr/share/texmf-dist/fonts/type1/public/nanumtype1/nanummjbc2.pfb></usr/share/texmf-dist/fonts/type1/public/nanumtype1/nanummjbc5.pfb></usr/share/texmf-dist/fonts/type1/public/nanumtype1/nanummjbc6.pfb></usr/share/texmf-dist/fonts/type1/public/nanumtype1/nanummjbc7.pfb></usr/share/texmf-dist/fonts/type1/public/nanumtype1/nanummjbc8.pfb></usr/share/texmf-dist/fonts/type1/public/nanumtype1/nanummjbc9.pfb></usr/share/texmf-dist/fonts/type1/public/nanumtype1/nanummjbcc.pfb></usr/share/texmf-dist/fonts/type1/public/nanumtype1/nanummjbd0.pfb></usr/share/texmf-dist/fonts/type1/public/nanumty
pe1/nanummjbd3.pfb></usr/share/texmf-dist/fonts/type1/public/nanumtype1/nanummjbd4.pfb></usr/share/texmf-dist/fonts/type1/public/nanumtype1/nanummjbd5.pfb></usr/share/texmf-dist/fonts/type1/public/nanumtype1/nanummjbd6.pfb></usr/share/texmf-dist/fonts/type1/public/nanumtype1/nanummjmac.pfb></usr/share/texmf-dist/fonts/type1/public/nanumtype1/nanummjmad.pfb></usr/share/texmf-dist/fonts/type1/public/nanumtype1/nanummjmae.pfb></usr/share/texmf-dist/fonts/type1/public/nanumtype1/nanummjmb0.pfb></usr/share/texmf-dist/fonts/type1/public/nanumtype1/nanummjmb1.pfb></usr/share/texmf-dist/fonts/type1/public/nanumtype1/nanummjmb2.pfb></usr/share/texmf-dist/fonts/type1/public/nanumtype1/nanummjmb3.pfb></usr/share/texmf-dist/fonts/type1/public/nanumtype1/nanummjmb4.pfb></usr/share/texmf-dist/fonts/type1/public/nanumtype1/nanummjmb5.pfb></usr/share/texmf-dist/fonts/type1/public/nanumtype1/nanummjmb6.pfb></usr/share/texmf-dist/fonts/type1/public/nanumtype1/nanummjmb7.pfb></usr/share/texmf-dist/fonts/type1/public/nanumtype1/nanummjmb8.pfb></usr/share/texmf-dist/fonts/type1/public/nanumtype1/nanummjmb9.pfb></usr/share/texmf-dist/fonts/type1/public/nanumtype1/nanummjmba.pfb></usr/share/texmf-dist/fonts/type1/public/nanumtype1/nanummjmbb.pfb></usr/share/texmf-dist/fonts/type1/public/nanumtype1/nanummjmbc.pfb></usr/share/texmf-dist/fonts/type1/public/nanumtype1/nanummjmbd.pfb></usr/share/texmf-dist/fonts/type1/public/nanumtype1/nanummjmbe.pfb></usr/share/texmf-dist/fonts/type1/public/nanumtype1/nanummjmc0.pfb></usr/share/texmf-dist/fonts/type1/public/nanumtype1/nanummjmc1.pfb></usr/share/texmf-dist/fonts/type1/public/nanumtype1/nanummjmc2.pfb></usr/share/texmf-dist/fonts/type1/public/nanumtype1/nanummjmc3.pfb></usr/share/texmf-dist/fonts/type1/public/nanumtype1/nanummjmc4.pfb></usr/share/texmf-dist/fonts/type1/public/nanumtype1/nanummjmc5.pfb></usr/share/texmf-dist/fonts/type1/public/nanumtype1/nanummjmc6.pfb></usr/share/texmf-dist/fonts/type1/public/nanumtype1/nanummjmc7.pfb></usr/sha
re/texmf-dist/fonts/type1/public/nanumtype1/nanummjmc8.pfb></usr/share/texmf-dist/fonts/type1/public/nanumtype1/nanummjmc9.pfb></usr/share/texmf-dist/fonts/type1/public/nanumtype1/nanummjmca.pfb></usr/share/texmf-dist/fonts/type1/public/nanumtype1/nanummjmcc.pfb></usr/share/texmf-dist/fonts/type1/public/nanumtype1/nanummjmcd.pfb></usr/share/texmf-dist/fonts/type1/public/nanumtype1/nanummjmce.pfb></usr/share/texmf-dist/fonts/type1/public/nanumtype1/nanummjmd0.pfb></usr/share/texmf-dist/fonts/type1/public/nanumtype1/nanummjmd1.pfb></usr/share/texmf-dist/fonts/type1/public/nanumtype1/nanummjmd2.pfb></usr/share/texmf-dist/fonts/type1/public/nanumtype1/nanummjmd3.pfb></usr/share/texmf-dist/fonts/type1/public/nanumtype1/nanummjmd4.pfb></usr/share/texmf-dist/fonts/type1/public/nanumtype1/nanummjmd5.pfb></usr/share/texmf-dist/fonts/type1/public/nanumtype1/nanummjmd6.pfb></usr/share/texmf-dist/fonts/type1/urw/courier/ucrr8a.pfb></usr/share/texmf-dist/fonts/type1/uhc/umj/umj01.pfb></usr/share/texmf-dist/fonts/type1/uhc/umj/umj03.pfb></usr/share/texmf-dist/fonts/type1/urw/times/utmb8a.pfb></usr/share/texmf-dist/fonts/type1/urw/times/utmr8a.pfb></usr/share/texmf-dist/fonts/type1/urw/times/utmri8a.pfb>
Output written on nhm_ktw.pdf (2 pages, 2849216 bytes).
PDF statistics:
 404 PDF objects out of 1000 (max. 8388607)
 241 compressed objects within 3 object streams
 0 named destinations out of 1000 (max. 500000)
 1 words of extra memory for PDF output out of 10000 (max. 10000000)

